<?xml version="1.0" encoding="UTF-8"?>
<!-- Generated by org.testng.reporters.JUnitXMLReporter -->
<testsuite ignored="0" hostname="punbkumarpc" failures="0" tests="0" time="0.005" errors="0" timestamp="2025-10-21T11:35:34 IST">
  <testcase classname="testbase.BaseTest" name="@AfterTest quit" time="0.0">
    <failure type="java.lang.NullPointerException" message="Cannot invoke &amp;quot;org.openqa.selenium.WebDriver.quit()&amp;quot; because &amp;quot;this.driver&amp;quot; is null">
      <![CDATA[java.lang.NullPointerException: Cannot invoke "org.openqa.selenium.WebDriver.quit()" because "this.driver" is null
at keywords.GenericKeywords.quit(GenericKeywords.java:302)
at testbase.BaseTest.quit(BaseTest.java:90)
at runner.TestNGRunner.run(TestNGRunner.java:90)
at runner.Runner.main(Runner.java:44)
... Removed 19 stack frames]]>
    </failure>
  </testcase> <!-- @AfterTest quit -->
</testsuite>
