<?xml version="1.0" encoding="UTF-8"?>
<!-- Generated by org.testng.reporters.JUnitReportReporter -->
<testsuite hostname="punbkumarpc" failures="0" tests="3" name="testcases.StoreEntryTest" time="20.807" errors="0" timestamp="2025-10-21T19:40:56 IST" skipped="0">
  <testcase classname="testcases.StoreEntryTest" name="VerifySignInButtonPresence" time="3.496"/>
  <system-out/>
  <testcase classname="testcases.StoreEntryTest" name="Verifylogin" time="11.891"/>
  <system-out/>
  <testcase classname="testcases.StoreEntryTest" name="VerifyStoreEntryTitle" time="5.420"/>
  <system-out/>
</testsuite> <!-- testcases.StoreEntryTest -->
