<?xml version="1.0" encoding="UTF-8"?>
<!-- Generated by org.testng.reporters.JUnitReportReporter -->
<testsuite hostname="punbkumarpc" failures="0" tests="3" name="testcases.StoreEntryTest" time="20.613" errors="0" timestamp="2025-10-22T12:34:33 IST" skipped="0">
  <testcase classname="testcases.StoreEntryTest" name="VerifyStoreEntryTitle" time="5.409"/>
  <testcase classname="testcases.StoreEntryTest" name="Verifylogin" time="11.729"/>
  <testcase classname="testcases.StoreEntryTest" name="VerifySignInButtonPresence" time="3.475"/>
</testsuite> <!-- testcases.StoreEntryTest -->
